Arguments: 
  /Users/ame/.nvm/versions/node/v14.14.0/bin/node /Users/ame/.nvm/versions/node/v14.14.0/bin/yarn add --dev @babel/plugin-proposal-class-properties customize-cra react-app-rewired

PATH: 
  /Users/ame/.nvm/versions/node/v14.14.0/bin:/Users/ame/.nvm/versions/node/v14.14.0/bin:/usr/local/bin:/usr/bin:/bin:/usr/sbin:/sbin:/usr/local/go/bin:/opt/X11/bin:/Users/ame/.nvm/versions/node/v14.14.0/bin:/Users/ame/Library/Android/sdk/emulator:/Users/ame/Library/Android/sdk/tools:/Users/ame/Library/Android/sdk/tools/bin:/Users/ame/Library/Android/sdk/platform-tools:/Users/ame/Library/Android/sdk/emulator:/Users/ame/Library/Android/sdk/tools:/Users/ame/Library/Android/sdk/tools/bin:/Users/ame/Library/Android/sdk/platform-tools

Yarn version: 
  1.22.17

Node version: 
  14.14.0

Platform: 
  darwin x64

Trace: 
  Error: https://raw.githubusercontent.com/mrlaessig/react-native-autocomplete-input/a011865598dd0b37c371892366f4212c18095735/package.json: ETIMEDOUT
      at Timeout._onTimeout (/Users/ame/.nvm/versions/node/v14.14.0/lib/node_modules/yarn/lib/cli.js:141543:19)
      at listOnTimeout (internal/timers.js:554:17)
      at processTimers (internal/timers.js:497:7)

npm manifest: 
  {
    "name": "ninepass",
    "version": "1.0.0",
    "main": "node_modules/expo/AppEntry.js",
    "scripts": {
      "start": "expo start",
      "start:dev": "react-app-rewired start",
      "android": "expo start --android",
      "ios": "expo start --ios",
      "web": "expo start --web",
      "eject": "expo eject"
    },
    "dependencies": {
      "@expo/vector-icons": "^13.0.0",
      "@react-native-async-storage/async-storage": "~1.17.3",
      "@react-native-picker/picker": "^2.4.1",
      "@react-navigation/bottom-tabs": "^6.3.1",
      "@react-navigation/native": "^6.0.10",
      "@react-navigation/native-stack": "^6.6.2",
      "@rneui/base": "^4.0.0-rc.4",
      "@rneui/themed": "^4.0.0-rc.4",
      "expo": "~45.0.0",
      "expo-asset": "~8.5.0",
      "expo-crypto": "~10.2.0",
      "expo-file-system": "~14.0.0",
      "expo-random": "~12.2.0",
      "expo-secure-store": "~11.2.0",
      "expo-sensors": "~11.3.0",
      "expo-sqlite": "~10.2.0",
      "expo-status-bar": "~1.3.0",
      "react": "17.0.2",
      "react-dom": "17.0.2",
      "react-native": "0.68.2",
      "react-native-autocomplete-dropdown": "^2.0.6",
      "react-native-autocomplete-input": "github:mrlaessig/react-native-autocomplete-input",
      "react-native-gesture-handler": "~2.2.1",
      "react-native-picker-select": "^8.0.4",
      "react-native-safe-area-context": "^4.3.1",
      "react-native-screens": "^3.13.1",
      "react-native-swipe-list-view": "^3.2.9",
      "react-native-swipeable-item": "^2.0.2",
      "react-native-web": "0.17.7"
    },
    "devDependencies": {
      "@babel/core": "^7.12.9",
      "@types/react": "~17.0.21",
      "@types/react-native": "~0.66.13",
      "@types/react-native-autocomplete-input": "^5.0.0",
      "typescript": "~4.3.5"
    },
    "private": true
  }

yarn manifest: 
  No manifest

Lockfile: 
  No lockfile
